<?xml version="1.0" encoding="UTF-8"?>
<!-- Generated by org.testng.reporters.JUnitXMLReporter -->
<testsuite ignored="0" hostname="MCKL-7604-T" failures="1" tests="1" name="Login Test" time="11.356" errors="0" timestamp="2023-12-19T09:00:47 IST">
  <testcase classname="test.SubmitOrderTest2" name="SubmitOrderTest1" time="3.074">
    <failure type="java.lang.AssertionError">
      <![CDATA[java.lang.AssertionError
at org.junit.Assert.fail(Assert.java:92)
at org.junit.Assert.assertTrue(Assert.java:43)
at org.junit.Assert.assertTrue(Assert.java:54)
at test.SubmitOrderTest2.SubmitOrderTest1(SubmitOrderTest2.java:59)
at java.base/java.util.ArrayList.forEach(ArrayList.java:1511)
... Removed 27 stack frames]]>
    </failure>
  </testcase> <!-- SubmitOrderTest1 -->
</testsuite> <!-- Login Test -->
